<?xml version="1.0" encoding="UTF-8"?>
<!-- Generated by org.testng.reporters.JUnitReportReporter -->
<testsuite skipped="0" hostname="LAPTOP-0RAG7811" name="com.qa.Tests.CalculatorTest" tests="1" failures="0" timestamp="2020-05-18T00:30:51 IST" time="13.972" errors="0">
  <testcase name="MultiplicationTest" time="13.972" classname="com.qa.Tests.CalculatorTest"/>
  <system-out/>
</testsuite> <!-- com.qa.Tests.CalculatorTest -->
