<?xml version="1.0" encoding="UTF-8"?>
<!-- Generated by org.testng.reporters.JUnitReportReporter -->
<testsuite skipped="0" hostname="MDB20LT281" name="com.appium.NewTest" tests="1" failures="0" timestamp="18 May 2020 06:00:45 GMT" time="36.033" errors="0">
  <testcase name="f" time="36.033" classname="com.appium.NewTest"/>
</testsuite> <!-- com.appium.NewTest -->
