<?xml version="1.0" encoding="UTF-8"?>
<!-- Generated by org.testng.reporters.JUnitReportReporter -->
<testsuite skipped="0" hostname="DESKTOP-U1DAVFE" name="com.terrain.Jyoti" tests="1" failures="0" timestamp="18 May 2020 04:34:19 GMT" time="83.768" errors="0">
  <testcase name="income" time="83.768" classname="com.terrain.Jyoti"/>
</testsuite> <!-- com.terrain.Jyoti -->
