<?xml version="1.0" encoding="UTF-8"?>
<!-- Generated by org.testng.reporters.JUnitReportReporter -->
<testsuite skipped="0" hostname="MDLT222" name="com.terrain.Parkavi" tests="1" failures="0" timestamp="2020-05-18T11:57:36 IST" time="80.447" errors="0">
  <testcase name="Activity" time="80.447" classname="com.terrain.Parkavi"/>
  <system-out/>
</testsuite> <!-- com.terrain.Parkavi -->
